<?xml version="1.0" encoding="UTF-8"?>
<testsuite name="app.foodapp.model.AuthorsTest" tests="1" skipped="0" failures="0" errors="0" timestamp="2022-01-31T09:33:43" hostname="DESKTOP-3T2TV4J" time="0.017">
  <properties/>
  <testcase name="testToString()" classname="app.foodapp.model.AuthorsTest" time="0.017"/>
  <system-out><![CDATA[]]></system-out>
  <system-err><![CDATA[]]></system-err>
</testsuite>
